#
# A fatal error has been detected by the Java Runtime Environment:
#
#  Internal Error (javaClasses.cpp:136), pid=4856, tid=3348
#  fatal error: Invalid layout of preloaded class
#
# JRE version:  (7.0_45-b18) (build )
# Java VM: Java HotSpot(TM) 64-Bit Server VM (24.45-b08 mixed mode windows-amd64 compressed oops)
# Failed to write core dump. Minidumps are not enabled by default on client versions of Windows
#
# If you would like to submit a bug report, please visit:
#   http://bugreport.sun.com/bugreport/crash.jsp
#

---------------  T H R E A D  ---------------

Current thread (0x000000000245e000):  JavaThread "Unknown thread" [_thread_in_vm, id=3348, stack(0x0000000002640000,0x0000000002740000)]

Stack: [0x0000000002640000,0x0000000002740000]

---------------  P R O C E S S  ---------------

Java Threads: ( => current thread )

Other Threads:

=>0x000000000245e000 (exited) JavaThread "Unknown thread" [_thread_in_vm, id=3348, stack(0x0000000002640000,0x0000000002740000)]

VM state:not at safepoint (not fully initialized)

VM Mutex/Monitor currently owned by a thread: None

GC Heap History (0 events):
No events

Deoptimization events (0 events):
No events

Internal exceptions (0 events):
No events

Events (10 events):
Event: 0.017 loading class 0x000000000235ccc0 done
Event: 0.018 loading class 0x000000000235c6e0 done
Event: 0.018 loading class 0x000000000235c6c0
Event: 0.018 loading class 0x00000000023647c0
Event: 0.018 loading class 0x00000000023647c0 done
Event: 0.018 loading class 0x00000000023647f0
Event: 0.018 loading class 0x00000000023647f0 done
Event: 0.018 loading class 0x0000000002364820
Event: 0.018 loading class 0x0000000002364820 done
Event: 0.018 loading class 0x000000000235c6c0 done


Dynamic libraries:
0x000000013f7e0000 - 0x000000013f813000 	C:\Program Files\Java\jre7\bin\javaw.exe
0x0000000076e70000 - 0x0000000077019000 	C:\windows\SYSTEM32\ntdll.dll
0x0000000076c50000 - 0x0000000076d6f000 	C:\windows\system32\kernel32.dll
0x000007fefcd30000 - 0x000007fefcd9b000 	C:\windows\system32\KERNELBASE.dll
0x000007fefd050000 - 0x000007fefd12b000 	C:\windows\system32\ADVAPI32.dll
0x000007fefebc0000 - 0x000007fefec5f000 	C:\windows\system32\msvcrt.dll
0x000007fefeba0000 - 0x000007fefebbf000 	C:\windows\SYSTEM32\sechost.dll
0x000007fefe6e0000 - 0x000007fefe80d000 	C:\windows\system32\RPCRT4.dll
0x0000000076d70000 - 0x0000000076e6a000 	C:\windows\system32\USER32.dll
0x000007fefe670000 - 0x000007fefe6d7000 	C:\windows\system32\GDI32.dll
0x000007fefe830000 - 0x000007fefe83e000 	C:\windows\system32\LPK.dll
0x000007fefec60000 - 0x000007fefed29000 	C:\windows\system32\USP10.dll
0x000007fefb580000 - 0x000007fefb774000 	C:\windows\WinSxS\amd64_microsoft.windows.common-controls_6595b64144ccf1df_6.0.7601.17514_none_fa396087175ac9ac\COMCTL32.dll
0x000007fefe130000 - 0x000007fefe1a1000 	C:\windows\system32\SHLWAPI.dll
0x000007fefd130000 - 0x000007fefd15e000 	C:\windows\system32\IMM32.DLL
0x000007feff010000 - 0x000007feff119000 	C:\windows\system32\MSCTF.dll
0x000007fefcbe0000 - 0x000007fefcc1c000 	C:\windows\system32\nvinitx.dll
0x00000000685d0000 - 0x00000000686a2000 	C:\Program Files\Java\jre7\bin\msvcr100.dll
0x0000000060ac0000 - 0x0000000061289000 	C:\Program Files\Java\jre7\bin\server\jvm.dll
0x000007fef3020000 - 0x000007fef3029000 	C:\windows\system32\WSOCK32.dll
0x000007fefe8c0000 - 0x000007fefe90d000 	C:\windows\system32\WS2_32.dll
0x000007fefeaf0000 - 0x000007fefeaf8000 	C:\windows\system32\NSI.dll
0x000007fef9550000 - 0x000007fef958b000 	C:\windows\system32\WINMM.dll
0x0000000077030000 - 0x0000000077037000 	C:\windows\system32\PSAPI.DLL
0x00000000746c0000 - 0x00000000746cf000 	C:\Program Files\Java\jre7\bin\verify.dll
0x0000000074690000 - 0x00000000746b8000 	C:\Program Files\Java\jre7\bin\java.dll
0x0000000069f50000 - 0x0000000069f65000 	C:\Program Files\Java\jre7\bin\zip.dll

VM Arguments:
jvm_args: -Dfile.encoding=Cp1252 -Xbootclasspath:D:\DROID\ADT\sdk\platforms\android-19\android.jar 
java_command: org.eclipse.jdt.internal.junit.runner.RemoteTestRunner -version 3 -port 50866 -testLoaderClass org.eclipse.jdt.internal.junit4.runner.JUnit4TestLoader -loaderpluginname org.eclipse.jdt.junit4.runtime -classNames com.arihant.firstandengineproject.test.TicTacToeModelTest
Launcher Type: SUN_STANDARD

Environment Variables:
JAVA_HOME=D:\ProgramFiles\JDK\
PATH=C:\Program Files\ImageMagick-6.8.8-Q16;d:\buzzyears\mysql\bin;d:\buzzyears\php;d:\buzzyears\utils\bin;C:\Program Files\Common Files\Microsoft Shared\Windows Live;C:\Program Files (x86)\Common Files\Microsoft Shared\Windows Live;C:\windows\system32;C:\windows;C:\windows\System32\Wbem;C:\windows\System32\WindowsPowerShell\v1.0\;C:\Program Files (x86)\Windows Live\Shared;D:\ProgramFiles\JDK\bin;C:\Program Files (x86)\PDFtk\bin\;C:\Program Files (x86)\PDFtk\bin;C:\Program Files (x86)\Git\cmd;C:\Program Files (x86)\Git\bin;C:\Program Files\ImageMagick-6.8.8-Q16;
USERNAME=SAMSUNG
OS=Windows_NT
PROCESSOR_IDENTIFIER=Intel64 Family 6 Model 42 Stepping 7, GenuineIntel



---------------  S Y S T E M  ---------------

OS: Windows 7 , 64 bit Build 7601 Service Pack 1

CPU:total 4 (2 cores per cpu, 2 threads per core) family 6 model 42 stepping 7, cmov, cx8, fxsr, mmx, sse, sse2, sse3, ssse3, sse4.1, sse4.2, popcnt, avx, ht, tsc, tscinvbit

Memory: 4k page, physical 6202928k(3146392k free), swap 16686824k(13256796k free)

vm_info: Java HotSpot(TM) 64-Bit Server VM (24.45-b08) for windows-amd64 JRE (1.7.0_45-b18), built on Oct  8 2013 05:47:22 by "java_re" with unknown MS VC++:1600

time: Mon Mar 17 20:17:54 2014
elapsed time: 0 seconds

